{"/home/loveh/Documents/random-programming/typescript-stuff/wardrobe-tracker/src/data-source.ts": {"path":"/home/loveh/Documents/random-programming/typescript-stuff/wardrobe-tracker/src/data-source.ts","statementMap":{"0":{"start":{"line":1,"column":0},"end":{"line":1,"column":25}},"1":{"start":{"line":2,"column":0},"end":{"line":2,"column":36}},"2":{"start":{"line":3,"column":0},"end":{"line":3,"column":44}},"3":{"start":{"line":5,"column":13},"end":{"line":17,"column":null}}},"fnMap":{},"branchMap":{},"s":{"0":1,"1":1,"2":1,"3":1},"f":{},"b":{}}
,"/home/loveh/Documents/random-programming/typescript-stuff/wardrobe-tracker/src/index.ts": {"path":"/home/loveh/Documents/random-programming/typescript-stuff/wardrobe-tracker/src/index.ts","statementMap":{"0":{"start":{"line":1,"column":0},"end":{"line":1,"column":26}},"1":{"start":{"line":2,"column":0},"end":{"line":2,"column":47}},"2":{"start":{"line":3,"column":0},"end":{"line":3,"column":46}},"3":{"start":{"line":4,"column":0},"end":{"line":4,"column":29}},"4":{"start":{"line":6,"column":13},"end":{"line":6,"column":37}},"5":{"start":{"line":8,"column":25},"end":{"line":8,"column":34}},"6":{"start":{"line":10,"column":0},"end":{"line":10,"column":16}},"7":{"start":{"line":12,"column":0},"end":{"line":18,"column":null}},"8":{"start":{"line":14,"column":8},"end":{"line":16,"column":11}},"9":{"start":{"line":15,"column":12},"end":{"line":15,"column":59}},"10":{"start":{"line":18,"column":22},"end":{"line":18,"column":40}}},"fnMap":{"0":{"name":"(anonymous_1)","decl":{"start":{"line":13,"column":10},"end":{"line":13,"column":13}},"loc":{"start":{"line":13,"column":15},"end":{"line":17,"column":5}}},"1":{"name":"(anonymous_2)","decl":{"start":{"line":14,"column":25},"end":{"line":14,"column":28}},"loc":{"start":{"line":14,"column":30},"end":{"line":16,"column":9}}},"2":{"name":"(anonymous_3)","decl":{"start":{"line":18,"column":11},"end":{"line":18,"column":12}},"loc":{"start":{"line":18,"column":22},"end":{"line":18,"column":40}}}},"branchMap":{"0":{"loc":{"start":{"line":6,"column":13},"end":{"line":6,"column":37}},"type":"binary-expr","locations":[{"start":{"line":6,"column":13},"end":{"line":6,"column":29}},{"start":{"line":6,"column":33},"end":{"line":6,"column":37}}]}},"s":{"0":0,"1":0,"2":0,"3":0,"4":0,"5":0,"6":0,"7":0,"8":0,"9":0,"10":0},"f":{"0":0,"1":0,"2":0},"b":{"0":[0,0]}}
,"/home/loveh/Documents/random-programming/typescript-stuff/wardrobe-tracker/src/controller/clothingController.ts": {"path":"/home/loveh/Documents/random-programming/typescript-stuff/wardrobe-tracker/src/controller/clothingController.ts","statementMap":{"0":{"start":{"line":2,"column":0},"end":{"line":2,"column":66}},"1":{"start":{"line":4,"column":0},"end":{"line":4,"column":92}},"2":{"start":{"line":8,"column":0},"end":{"line":24,"column":null}},"3":{"start":{"line":12,"column":4},"end":{"line":12,"column":25}},"4":{"start":{"line":17,"column":4},"end":{"line":17,"column":29}},"5":{"start":{"line":22,"column":4},"end":{"line":22,"column":38}},"6":{"start":{"line":11,"column":2},"end":{"line":13,"column":null}},"7":{"start":{"line":16,"column":2},"end":{"line":18,"column":null}},"8":{"start":{"line":21,"column":2},"end":{"line":23,"column":null}},"9":{"start":{"line":8,"column":21},"end":{"line":24,"column":null}},"10":{"start":{"line":8,"column":21},"end":{"line":8,"column":null}}},"fnMap":{"0":{"name":"(anonymous_11)","decl":{"start":{"line":11,"column":15},"end":{"line":11,"column":26}},"loc":{"start":{"line":11,"column":26},"end":{"line":13,"column":null}}},"1":{"name":"(anonymous_13)","decl":{"start":{"line":16,"column":15},"end":{"line":16,"column":26}},"loc":{"start":{"line":16,"column":57},"end":{"line":18,"column":null}}},"2":{"name":"(anonymous_15)","decl":{"start":{"line":21,"column":15},"end":{"line":21,"column":29}},"loc":{"start":{"line":21,"column":48},"end":{"line":23,"column":null}}}},"branchMap":{},"s":{"0":1,"1":1,"2":1,"3":2,"4":1,"5":0,"6":1,"7":1,"8":1,"9":1,"10":1},"f":{"0":2,"1":1,"2":0},"b":{}}
,"/home/loveh/Documents/random-programming/typescript-stuff/wardrobe-tracker/src/entity/clothing.ts": {"path":"/home/loveh/Documents/random-programming/typescript-stuff/wardrobe-tracker/src/entity/clothing.ts","statementMap":{"0":{"start":{"line":1,"column":0},"end":{"line":1,"column":64}},"1":{"start":{"line":4,"column":0},"end":{"line":19,"column":null}},"2":{"start":{"line":7,"column":4},"end":{"line":7,"column":null}},"3":{"start":{"line":10,"column":4},"end":{"line":10,"column":null}},"4":{"start":{"line":13,"column":4},"end":{"line":13,"column":null}},"5":{"start":{"line":17,"column":4},"end":{"line":17,"column":null}},"6":{"start":{"line":4,"column":13},"end":{"line":19,"column":null}},"7":{"start":{"line":4,"column":13},"end":{"line":4,"column":21}}},"fnMap":{},"branchMap":{},"s":{"0":1,"1":1,"2":1,"3":1,"4":1,"5":1,"6":1,"7":1},"f":{},"b":{}}
,"/home/loveh/Documents/random-programming/typescript-stuff/wardrobe-tracker/src/repository/clothingRepository.ts": {"path":"/home/loveh/Documents/random-programming/typescript-stuff/wardrobe-tracker/src/repository/clothingRepository.ts","statementMap":{"0":{"start":{"line":1,"column":0},"end":{"line":1,"column":46}},"1":{"start":{"line":2,"column":0},"end":{"line":2,"column":47}},"2":{"start":{"line":5,"column":27},"end":{"line":8,"column":null}},"3":{"start":{"line":5,"column":64},"end":{"line":8,"column":null}},"4":{"start":{"line":6,"column":31},"end":{"line":6,"column":68}},"5":{"start":{"line":7,"column":4},"end":{"line":7,"column":37}},"6":{"start":{"line":5,"column":13},"end":{"line":5,"column":27}},"7":{"start":{"line":10,"column":27},"end":{"line":17,"column":null}},"8":{"start":{"line":10,"column":82},"end":{"line":17,"column":null}},"9":{"start":{"line":11,"column":31},"end":{"line":11,"column":68}},"10":{"start":{"line":12,"column":21},"end":{"line":12,"column":33}},"11":{"start":{"line":13,"column":4},"end":{"line":16,"column":7}},"12":{"start":{"line":10,"column":13},"end":{"line":10,"column":27}},"13":{"start":{"line":19,"column":30},"end":{"line":29,"column":null}},"14":{"start":{"line":19,"column":77},"end":{"line":29,"column":null}},"15":{"start":{"line":20,"column":31},"end":{"line":20,"column":68}},"16":{"start":{"line":22,"column":29},"end":{"line":24,"column":6}},"17":{"start":{"line":26,"column":4},"end":{"line":26,"column":39}},"18":{"start":{"line":26,"column":27},"end":{"line":26,"column":39}},"19":{"start":{"line":28,"column":4},"end":{"line":28,"column":55}},"20":{"start":{"line":19,"column":13},"end":{"line":19,"column":30}}},"fnMap":{"0":{"name":"(anonymous_7)","decl":{"start":{"line":5,"column":27},"end":{"line":5,"column":62}},"loc":{"start":{"line":5,"column":64},"end":{"line":8,"column":null}}},"1":{"name":"(anonymous_8)","decl":{"start":{"line":5,"column":64},"end":{"line":5,"column":null}},"loc":{"start":{"line":5,"column":64},"end":{"line":8,"column":1}}},"2":{"name":"(anonymous_9)","decl":{"start":{"line":10,"column":27},"end":{"line":10,"column":34}},"loc":{"start":{"line":10,"column":82},"end":{"line":17,"column":null}}},"3":{"name":"(anonymous_10)","decl":{"start":{"line":10,"column":82},"end":{"line":10,"column":null}},"loc":{"start":{"line":10,"column":82},"end":{"line":17,"column":1}}},"4":{"name":"(anonymous_11)","decl":{"start":{"line":19,"column":30},"end":{"line":19,"column":37}},"loc":{"start":{"line":19,"column":77},"end":{"line":29,"column":null}}},"5":{"name":"(anonymous_12)","decl":{"start":{"line":19,"column":77},"end":{"line":19,"column":null}},"loc":{"start":{"line":19,"column":77},"end":{"line":29,"column":1}}}},"branchMap":{"0":{"loc":{"start":{"line":26,"column":4},"end":{"line":26,"column":39}},"type":"if","locations":[{"start":{"line":26,"column":4},"end":{"line":26,"column":39}}]}},"s":{"0":1,"1":1,"2":1,"3":0,"4":0,"5":0,"6":1,"7":1,"8":0,"9":0,"10":0,"11":0,"12":1,"13":1,"14":0,"15":0,"16":0,"17":0,"18":0,"19":0,"20":1},"f":{"0":0,"1":0,"2":0,"3":0,"4":0,"5":0},"b":{"0":[0]}}
,"/home/loveh/Documents/random-programming/typescript-stuff/wardrobe-tracker/src/routes/index.ts": {"path":"/home/loveh/Documents/random-programming/typescript-stuff/wardrobe-tracker/src/routes/index.ts","statementMap":{"0":{"start":{"line":1,"column":0},"end":{"line":1,"column":30}},"1":{"start":{"line":2,"column":0},"end":{"line":2,"column":67}},"2":{"start":{"line":4,"column":15},"end":{"line":4,"column":31}},"3":{"start":{"line":6,"column":0},"end":{"line":8,"column":3}},"4":{"start":{"line":7,"column":4},"end":{"line":7,"column":26}},"5":{"start":{"line":10,"column":0},"end":{"line":14,"column":null}},"6":{"start":{"line":10,"column":51},"end":{"line":14,"column":2}},"7":{"start":{"line":11,"column":23},"end":{"line":11,"column":47}},"8":{"start":{"line":12,"column":21},"end":{"line":12,"column":51}},"9":{"start":{"line":13,"column":4},"end":{"line":13,"column":30}},"10":{"start":{"line":16,"column":0},"end":{"line":20,"column":null}},"11":{"start":{"line":16,"column":51},"end":{"line":20,"column":2}},"12":{"start":{"line":17,"column":23},"end":{"line":17,"column":47}},"13":{"start":{"line":18,"column":21},"end":{"line":18,"column":59}},"14":{"start":{"line":19,"column":4},"end":{"line":19,"column":30}},"15":{"start":{"line":22,"column":0},"end":{"line":27,"column":null}},"16":{"start":{"line":22,"column":57},"end":{"line":27,"column":2}},"17":{"start":{"line":23,"column":23},"end":{"line":23,"column":47}},"18":{"start":{"line":24,"column":21},"end":{"line":24,"column":67}},"19":{"start":{"line":25,"column":4},"end":{"line":25,"column":null}},"20":{"start":{"line":25,"column":19},"end":{"line":25,"column":null}},"21":{"start":{"line":26,"column":4},"end":{"line":26,"column":30}},"22":{"start":{"line":30,"column":0},"end":{"line":30,"column":22}}},"fnMap":{"0":{"name":"(anonymous_8)","decl":{"start":{"line":6,"column":22},"end":{"line":6,"column":23}},"loc":{"start":{"line":6,"column":36},"end":{"line":8,"column":1}}},"1":{"name":"(anonymous_9)","decl":{"start":{"line":10,"column":31},"end":{"line":10,"column":38}},"loc":{"start":{"line":10,"column":51},"end":{"line":14,"column":2}}},"2":{"name":"(anonymous_10)","decl":{"start":{"line":10,"column":51},"end":{"line":10,"column":null}},"loc":{"start":{"line":10,"column":51},"end":{"line":14,"column":1}}},"3":{"name":"(anonymous_11)","decl":{"start":{"line":16,"column":32},"end":{"line":16,"column":39}},"loc":{"start":{"line":16,"column":51},"end":{"line":20,"column":2}}},"4":{"name":"(anonymous_12)","decl":{"start":{"line":16,"column":51},"end":{"line":16,"column":null}},"loc":{"start":{"line":16,"column":51},"end":{"line":20,"column":1}}},"5":{"name":"(anonymous_13)","decl":{"start":{"line":22,"column":38},"end":{"line":22,"column":45}},"loc":{"start":{"line":22,"column":57},"end":{"line":27,"column":2}}},"6":{"name":"(anonymous_14)","decl":{"start":{"line":22,"column":57},"end":{"line":22,"column":null}},"loc":{"start":{"line":22,"column":57},"end":{"line":27,"column":1}}}},"branchMap":{"0":{"loc":{"start":{"line":25,"column":4},"end":{"line":25,"column":null}},"type":"if","locations":[{"start":{"line":25,"column":4},"end":{"line":25,"column":null}}]}},"s":{"0":0,"1":0,"2":0,"3":0,"4":0,"5":0,"6":0,"7":0,"8":0,"9":0,"10":0,"11":0,"12":0,"13":0,"14":0,"15":0,"16":0,"17":0,"18":0,"19":0,"20":0,"21":0,"22":0},"f":{"0":0,"1":0,"2":0,"3":0,"4":0,"5":0,"6":0},"b":{"0":[0]}}
}
